<?xml version="1.0" encoding="UTF-8" ?>
<testsuite tests="3" failures="0" name="com.suny.dao.SeckillMapperTest" time="0.366" errors="0" skipped="0">
  <properties>
    <property name="idea.version" value="2017.1.4"/>
    <property name="java.runtime.name" value="OpenJDK Runtime Environment"/>
    <property name="sun.boot.library.path" value="G:\Tools\JetBrains\IntelliJ IDEA 2017.1.1\jre64\bin"/>
    <property name="java.vm.version" value="25.112-b21"/>
    <property name="java.vm.vendor" value="JetBrains s.r.o"/>
    <property name="maven.multiModuleProjectDirectory" value="G:\GitRepository\seckill"/>
    <property name="java.vendor.url" value="https://www.jetbrains.com/"/>
    <property name="path.separator" value=";"/>
    <property name="guice.disable.misplaced.annotation.check" value="true"/>
    <property name="java.vm.name" value="OpenJDK 64-Bit Server VM"/>
    <property name="file.encoding.pkg" value="sun.io"/>
    <property name="user.script" value=""/>
    <property name="user.country" value="CN"/>
    <property name="sun.java.launcher" value="SUN_STANDARD"/>
    <property name="sun.os.patch.level" value="Service Pack 1"/>
    <property name="java.vm.specification.name" value="Java Virtual Machine Specification"/>
    <property name="user.dir" value="G:\GitRepository\seckill"/>
    <property name="java.runtime.version" value="1.8.0_112-release-736-b21"/>
    <property name="java.awt.graphicsenv" value="sun.awt.Win32GraphicsEnvironment"/>
    <property name="java.endorsed.dirs" value="G:\Tools\JetBrains\IntelliJ IDEA 2017.1.1\jre64\lib\endorsed"/>
    <property name="os.arch" value="amd64"/>
    <property name="java.io.tmpdir" value="C:\Users\ADMINI~1\AppData\Local\Temp\"/>
    <property name="line.separator" value="
"/>
    <property name="java.vm.specification.vendor" value="Oracle Corporation"/>
    <property name="user.variant" value=""/>
    <property name="os.name" value="Windows 7"/>
    <property name="classworlds.conf" value="G:\Tools\apache-maven-3.5.0\bin\m2.conf"/>
    <property name="sun.jnu.encoding" value="GBK"/>
    <property name="java.library.path" value="G:\Tools\JetBrains\IntelliJ IDEA 2017.1.1\jre64\bin;C:\Windows\Sun\Java\bin;C:\Windows\system32;C:\Windows;C:\ProgramData\Oracle\Java\javapath;C:\Windows\system32;C:\Windows;C:\Windows\System32\Wbem;C:\Windows\System32\WindowsPowerShell\v1.0\;G:\Settings\Java\jdk1.8.0_131\bin;G:\Settings\Java\jdk1.8.0_131\jre\bin;G:\Tools\apache-maven-3.5.0\bin;G:\Tools\apache-tomcat-8.5.14\bin;G:\Tools\apache-tomcat-8.5.14\lib;G:\Tools\Git\cmd;G:\Tools\mysql-5.7.18-winx64\bin;G:\Tools\TortoiseSVN\bin;G:\Tools\VisualSVN Server\bin;G:\Tools\TortoiseGit\bin;."/>
    <property name="maven.conf" value="G:\Tools\apache-maven-3.5.0/conf"/>
    <property name="java.specification.name" value="Java Platform API Specification"/>
    <property name="java.class.version" value="52.0"/>
    <property name="sun.management.compiler" value="HotSpot 64-Bit Tiered Compilers"/>
    <property name="os.version" value="6.1"/>
    <property name="library.jansi.path" value="G:\Tools\apache-maven-3.5.0\lib\jansi-native\windows64"/>
    <property name="user.home" value="C:\Users\Administrator"/>
    <property name="user.timezone" value="Asia/Shanghai"/>
    <property name="java.awt.printerjob" value="sun.awt.windows.WPrinterJob"/>
    <property name="java.specification.version" value="1.8"/>
    <property name="file.encoding" value="UTF-8"/>
    <property name="user.name" value="Administrator"/>
    <property name="java.class.path" value="G:\Tools\apache-maven-3.5.0\boot\plexus-classworlds-2.5.2.jar;G:\Tools\JetBrains\IntelliJ IDEA 2017.1.1\lib\idea_rt.jar"/>
    <property name="java.vm.specification.version" value="1.8"/>
    <property name="sun.arch.data.model" value="64"/>
    <property name="java.home" value="G:\Tools\JetBrains\IntelliJ IDEA 2017.1.1\jre64"/>
    <property name="sun.java.command" value="org.codehaus.classworlds.Launcher -Didea.version=2017.1.4 -s G:\Settings\repo\settings.xml install"/>
    <property name="java.specification.vendor" value="Oracle Corporation"/>
    <property name="user.language" value="zh"/>
    <property name="awt.toolkit" value="sun.awt.windows.WToolkit"/>
    <property name="java.vm.info" value="mixed mode"/>
    <property name="java.version" value="1.8.0_112-release"/>
    <property name="java.ext.dirs" value="G:\Tools\JetBrains\IntelliJ IDEA 2017.1.1\jre64\lib\ext;C:\Windows\Sun\Java\lib\ext"/>
    <property name="sun.boot.class.path" value="G:\Tools\JetBrains\IntelliJ IDEA 2017.1.1\jre64\lib\resources.jar;G:\Tools\JetBrains\IntelliJ IDEA 2017.1.1\jre64\lib\rt.jar;G:\Tools\JetBrains\IntelliJ IDEA 2017.1.1\jre64\lib\sunrsasign.jar;G:\Tools\JetBrains\IntelliJ IDEA 2017.1.1\jre64\lib\jsse.jar;G:\Tools\JetBrains\IntelliJ IDEA 2017.1.1\jre64\lib\jce.jar;G:\Tools\JetBrains\IntelliJ IDEA 2017.1.1\jre64\lib\charsets.jar;G:\Tools\JetBrains\IntelliJ IDEA 2017.1.1\jre64\lib\jfr.jar;G:\Tools\JetBrains\IntelliJ IDEA 2017.1.1\jre64\classes"/>
    <property name="java.vendor" value="JetBrains s.r.o"/>
    <property name="maven.home" value="G:\Tools\apache-maven-3.5.0"/>
    <property name="file.separator" value="\"/>
    <property name="java.vendor.url.bug" value="https://youtrack.jetbrains.com"/>
    <property name="sun.cpu.endian" value="little"/>
    <property name="sun.io.unicode.encoding" value="UnicodeLittle"/>
    <property name="sun.desktop" value="windows"/>
    <property name="sun.cpu.isalist" value="amd64"/>
  </properties>
  <testcase classname="com.suny.dao.SeckillMapperTest" name="queryById" time="0.353"/>
  <testcase classname="com.suny.dao.SeckillMapperTest" name="queryAll" time="0.004"/>
  <testcase classname="com.suny.dao.SeckillMapperTest" name="reduceNumber" time="0.009"/>
</testsuite>